<?xml version="1.0" encoding="UTF-8"?>
<testng-results skipped="0" failed="0" total="1" passed="1">
  <reporter-output>
  </reporter-output>
  <suite name="CheckBoxTestSuite" duration-ms="8163" started-at="2020-04-02T13:43:46Z" finished-at="2020-04-02T13:43:55Z">
    <groups>
    </groups>
    <test name="checkBoxSelectTest" duration-ms="8163" started-at="2020-04-02T13:43:46Z" finished-at="2020-04-02T13:43:55Z">
      <class name="com.herokuapp.theinternet.CheckBoxPageTest.CheckBoxTest">
        <test-method status="PASS" signature="setUp(java.lang.String, org.testng.ITestContext)[pri:0, instance:com.herokuapp.theinternet.CheckBoxPageTest.CheckBoxTest@587c290d]" name="setUp" is-config="true" duration-ms="6202" started-at="2020-04-02T09:43:46Z" finished-at="2020-04-02T09:43:53Z">
          <params>
            <param index="0">
              <value>
                <![CDATA[chrome]]>
              </value>
            </param>
            <param index="1">
              <value>
                <![CDATA[org.testng.TestRunner@3f390d63]]>
              </value>
            </param>
          </params>
          <reporter-output>
          </reporter-output>
        </test-method> <!-- setUp -->
        <test-method status="PASS" signature="selectingTwoCheckBox()[pri:0, instance:com.herokuapp.theinternet.CheckBoxPageTest.CheckBoxTest@587c290d]" name="selectingTwoCheckBox" duration-ms="1217" started-at="2020-04-02T09:43:53Z" finished-at="2020-04-02T09:43:54Z">
          <reporter-output>
          </reporter-output>
        </test-method> <!-- selectingTwoCheckBox -->
        <test-method status="PASS" signature="tearDown()[pri:0, instance:com.herokuapp.theinternet.CheckBoxPageTest.CheckBoxTest@587c290d]" name="tearDown" is-config="true" duration-ms="734" started-at="2020-04-02T09:43:54Z" finished-at="2020-04-02T09:43:55Z">
          <reporter-output>
          </reporter-output>
        </test-method> <!-- tearDown -->
      </class> <!-- com.herokuapp.theinternet.CheckBoxPageTest.CheckBoxTest -->
    </test> <!-- checkBoxSelectTest -->
  </suite> <!-- CheckBoxTestSuite -->
</testng-results>
