<?xml version="1.0" encoding="UTF-8"?>
<!-- Generated by org.testng.reporters.JUnitXMLReporter -->
<testsuite hostname="MANWE" name="AlertTest" tests="3" failures="0" timestamp="26 Mar 2020 21:22:07 GMT" time="20.989" errors="0">
  <testcase name="jsAlertTest" time="2.564" classname="com.herokuapp.theinternet.jsAlertTests.AlertTest"/>
  <testcase name="jsDismissTest" time="1.421" classname="com.herokuapp.theinternet.jsAlertTests.AlertTest"/>
  <testcase name="jsPromptTest" time="2.614" classname="com.herokuapp.theinternet.jsAlertTests.AlertTest"/>
</testsuite> <!-- AlertTest -->
