<?xml version="1.0" encoding="UTF-8"?>
<!-- Generated by org.testng.reporters.JUnitXMLReporter -->
<testsuite hostname="MANWE" name="NegativeLoginTest-CH" tests="6" failures="0" timestamp="25 Mar 2020 17:47:37 GMT" time="49.769" errors="0">
  <testcase name="negativeLoginTest" time="4.1" classname="com.herokuapp.theinternet.LoginPageTests.NegativeLoginTests"/>
  <testcase name="negativeLoginTest" time="4.299" classname="com.herokuapp.theinternet.LoginPageTests.NegativeLoginTests"/>
  <testcase name="negativeLoginTest" time="3.101" classname="com.herokuapp.theinternet.LoginPageTests.NegativeLoginTests"/>
  <testcase name="negativeLoginTest" time="3.592" classname="com.herokuapp.theinternet.LoginPageTests.NegativeLoginTests"/>
  <testcase name="negativeLoginTest" time="2.134" classname="com.herokuapp.theinternet.LoginPageTests.NegativeLoginTests"/>
  <testcase name="negativeLoginTest" time="4.177" classname="com.herokuapp.theinternet.LoginPageTests.NegativeLoginTests"/>
</testsuite> <!-- NegativeLoginTest-CH -->
