<?xml version="1.0" encoding="UTF-8"?>
<!-- Generated by org.testng.reporters.JUnitXMLReporter -->
<testsuite hostname="MANWE" name="AlertsTests" tests="3" failures="0" timestamp="15 Mar 2020 18:08:10 GMT" time="30.051" errors="0">
  <testcase name="jsAlertTest" time="8.23" classname="com.herokuapp.theinternet.jsAlertTests.AlertTest"/>
  <testcase name="jsDismissTest" time="4.367" classname="com.herokuapp.theinternet.jsAlertTests.AlertTest"/>
  <testcase name="jsPromptTest" time="4.33" classname="com.herokuapp.theinternet.jsAlertTests.AlertTest"/>
</testsuite> <!-- AlertsTests -->
